<?xml version="1.0" encoding="UTF-8"?>
<testng-results skipped="0" failed="0" ignored="0" total="1" passed="1">
  <reporter-output>
  </reporter-output>
  <suite name="Default suite" duration-ms="10350" started-at="2019-02-18T10:19:48Z" finished-at="2019-02-18T10:19:59Z">
    <groups>
    </groups>
    <test name="Default test" duration-ms="10350" started-at="2019-02-18T10:19:48Z" finished-at="2019-02-18T10:19:59Z">
      <class name="test.Scenario1">
        <test-method status="PASS" signature="openApplication()[pri:0, instance:test.Scenario1@11758f2a]" name="openApplication" is-config="true" duration-ms="7429" started-at="2019-02-18T10:19:48Z" finished-at="2019-02-18T10:19:56Z">
          <reporter-output>
          </reporter-output>
        </test-method> <!-- openApplication -->
        <test-method status="PASS" signature="scenario1()[pri:0, instance:test.Scenario1@11758f2a]" name="scenario1" duration-ms="2903" started-at="2019-02-18T10:19:56Z" finished-at="2019-02-18T10:19:59Z">
          <reporter-output>
          </reporter-output>
        </test-method> <!-- scenario1 -->
        <test-method status="PASS" signature="closeApp()[pri:0, instance:test.Scenario1@11758f2a]" name="closeApp" is-config="true" duration-ms="1" started-at="2019-02-18T10:19:59Z" finished-at="2019-02-18T10:19:59Z">
          <reporter-output>
          </reporter-output>
        </test-method> <!-- closeApp -->
      </class> <!-- test.Scenario1 -->
    </test> <!-- Default test -->
  </suite> <!-- Default suite -->
</testng-results>
